Startpoint: reset (input port clocked by clk1)
Endpoint: _35_ (removal check against rising-edge clock clk1)
Path Group: asynchronous
Path Type: min

Fanout        Cap       Slew      Delay       Time   Description
-----------------------------------------------------------------------------------------
                     0.00000    0.00000    0.00000   clock clk1 (rise edge)
                                3.00000    3.00000   clock network delay (ideal)
                                1.00000    4.00000 v input external delay
                     0.20000    0.00000    4.00000 v reset (in)
     3    0.00748                                    reset (net)
                     0.20000    0.00000    4.00000 v _31_/A (sky130_fd_sc_hd__clkinv_1)
                     0.09133    0.20676    4.20676 ^ _31_/Y (sky130_fd_sc_hd__clkinv_1)
     1    0.00304                                    _01_ (net)
                     0.09133    0.00000    4.20676 ^ _35_/RESET_B (sky130_fd_sc_hd__dfrtp_1)
                                           4.20676   data arrival time

                     0.00000    0.00000    0.00000   clock clk1 (rise edge)
                                3.00000    3.00000   clock network delay (ideal)
                                0.10000    3.10000   clock uncertainty
                                0.00000    3.10000   clock reconvergence pessimism
                                           3.10000 ^ _35_/CLK (sky130_fd_sc_hd__dfrtp_1)
                                1.31787    4.41787   library removal time
                                           4.41787   data required time
-----------------------------------------------------------------------------------------
                                           4.41787   data required time
                                          -4.20676   data arrival time
-----------------------------------------------------------------------------------------
                                          -0.21110   slack (VIOLATED)


Startpoint: sequence_in (input port clocked by clk1)
Endpoint: _36_ (rising edge-triggered flip-flop clocked by clk1)
Path Group: clk1
Path Type: min

Fanout        Cap       Slew      Delay       Time   Description
-----------------------------------------------------------------------------------------
                     0.00000    0.00000    0.00000   clock clk1 (rise edge)
                                3.00000    3.00000   clock network delay (ideal)
                                1.00000    4.00000 ^ input external delay
                     0.20000    0.00000    4.00000 ^ sequence_in (in)
     7    0.01341                                    sequence_in (net)
                     0.20000    0.00000    4.00000 ^ _29_/A1 (sky130_fd_sc_hd__a21oi_1)
                     0.05586    0.17214    4.17214 v _29_/Y (sky130_fd_sc_hd__a21oi_1)
     1    0.00161                                    next_state[2] (net)
                     0.05586    0.00000    4.17214 v _36_/D (sky130_fd_sc_hd__dfrtp_1)
                                           4.17214   data arrival time

                     0.00000    0.00000    0.00000   clock clk1 (rise edge)
                                3.00000    3.00000   clock network delay (ideal)
                                0.10000    3.10000   clock uncertainty
                                0.00000    3.10000   clock reconvergence pessimism
                                           3.10000 ^ _36_/CLK (sky130_fd_sc_hd__dfrtp_1)
                               -0.19598    2.90402   library hold time
                                           2.90402   data required time
-----------------------------------------------------------------------------------------
                                           2.90402   data required time
                                          -4.17214   data arrival time
-----------------------------------------------------------------------------------------
                                           1.26812   slack (MET)


Startpoint: reset (input port clocked by clk1)
Endpoint: _34_ (recovery check against rising-edge clock clk1)
Path Group: asynchronous
Path Type: max

Fanout        Cap       Slew      Delay       Time   Description
-----------------------------------------------------------------------------------------
                     0.00000    0.00000    0.00000   clock clk1 (rise edge)
                                3.00000    3.00000   clock network delay (ideal)
                                3.00000    6.00000 v input external delay
                     0.40000    0.00000    6.00000 v reset (in)
     3    0.00748                                    reset (net)
                     0.40000    0.00000    6.00000 v _15_/A (sky130_fd_sc_hd__clkinv_1)
                     0.12888    0.34850    6.34850 ^ _15_/Y (sky130_fd_sc_hd__clkinv_1)
     2    0.00439                                    _00_ (net)
                     0.12888    0.00000    6.34850 ^ _34_/RESET_B (sky130_fd_sc_hd__dfrtp_1)
                                           6.34850   data arrival time

                     0.00000   10.00000   10.00000   clock clk1 (rise edge)
                                3.00000   13.00000   clock network delay (ideal)
                               -0.10000   12.90000   clock uncertainty
                                0.00000   12.90000   clock reconvergence pessimism
                                          12.90000 ^ _34_/CLK (sky130_fd_sc_hd__dfrtp_1)
                                0.81180   13.71180   library recovery time
                                          13.71180   data required time
-----------------------------------------------------------------------------------------
                                          13.71180   data required time
                                          -6.34850   data arrival time
-----------------------------------------------------------------------------------------
                                           7.36330   slack (MET)


Startpoint: _33_ (rising edge-triggered flip-flop clocked by clk1)
Endpoint: detector_out (output port clocked by clk1)
Path Group: clk1
Path Type: max

Fanout        Cap       Slew      Delay       Time   Description
-----------------------------------------------------------------------------------------
                     0.00000    0.00000    0.00000   clock clk1 (rise edge)
                                3.00000    3.00000   clock network delay (ideal)
                     0.00000    0.00000    3.00000 ^ _33_/CLK (sky130_fd_sc_hd__dfxtp_1)
                     6.40133    5.84158    8.84158 ^ _33_/Q (sky130_fd_sc_hd__dfxtp_1)
     1    0.20000                                    detector_out (net)
                     6.40133    0.00000    8.84158 ^ detector_out (out)
                                           8.84158   data arrival time

                     0.00000   10.00000   10.00000   clock clk1 (rise edge)
                                3.00000   13.00000   clock network delay (ideal)
                               -0.10000   12.90000   clock uncertainty
                                0.00000   12.90000   clock reconvergence pessimism
                               -3.00000    9.90000   output external delay
                                           9.90000   data required time
-----------------------------------------------------------------------------------------
                                           9.90000   data required time
                                          -8.84158   data arrival time
-----------------------------------------------------------------------------------------
                                           1.05842   slack (MET)


tns 0.00
wns 0.00
