Startpoint: reset (input port clocked by clk1)
Endpoint: _35_ (removal check against rising-edge clock clk1)
Path Group: asynchronous
Path Type: min

Fanout        Cap       Slew      Delay       Time   Description
-----------------------------------------------------------------------------------------
                     0.00000    0.00000    0.00000   clock clk1 (rise edge)
                                3.00000    3.00000   clock network delay (ideal)
                                1.00000    4.00000 v input external delay
                     0.20000    0.00000    4.00000 v reset (in)
     3    0.00842                                    reset (net)
                     0.20000    0.00000    4.00000 v _31_/A (sky130_fd_sc_hd__clkinv_1)
                     0.05725    0.08629    4.08629 ^ _31_/Y (sky130_fd_sc_hd__clkinv_1)
     1    0.00358                                    _01_ (net)
                     0.05725    0.00000    4.08629 ^ _35_/RESET_B (sky130_fd_sc_hd__dfrtp_1)
                                           4.08629   data arrival time

                     0.00000    0.00000    0.00000   clock clk1 (rise edge)
                                3.00000    3.00000   clock network delay (ideal)
                                0.10000    3.10000   clock uncertainty
                                0.00000    3.10000   clock reconvergence pessimism
                                           3.10000 ^ _35_/CLK (sky130_fd_sc_hd__dfrtp_1)
                                0.23711    3.33711   library removal time
                                           3.33711   data required time
-----------------------------------------------------------------------------------------
                                           3.33711   data required time
                                          -4.08629   data arrival time
-----------------------------------------------------------------------------------------
                                           0.74918   slack (MET)


Startpoint: _36_ (rising edge-triggered flip-flop clocked by clk1)
Endpoint: _34_ (rising edge-triggered flip-flop clocked by clk1)
Path Group: clk1
Path Type: min

Fanout        Cap       Slew      Delay       Time   Description
-----------------------------------------------------------------------------------------
                     0.00000    0.00000    0.00000   clock clk1 (rise edge)
                                3.00000    3.00000   clock network delay (ideal)
                     0.00000    0.00000    3.00000 ^ _36_/CLK (sky130_fd_sc_hd__dfrtp_1)
                     0.09276    0.26733    3.26733 ^ _36_/Q (sky130_fd_sc_hd__dfrtp_1)
     5    0.01066                                    current_state[2] (net)
                     0.09276    0.00000    3.26733 ^ _24_/A2 (sky130_fd_sc_hd__o31ai_1)
                     0.02646    0.05338    3.32071 v _24_/Y (sky130_fd_sc_hd__o31ai_1)
     1    0.00200                                    next_state[0] (net)
                     0.02646    0.00000    3.32071 v _34_/D (sky130_fd_sc_hd__dfrtp_1)
                                           3.32071   data arrival time

                     0.00000    0.00000    0.00000   clock clk1 (rise edge)
                                3.00000    3.00000   clock network delay (ideal)
                                0.10000    3.10000   clock uncertainty
                                0.00000    3.10000   clock reconvergence pessimism
                                           3.10000 ^ _34_/CLK (sky130_fd_sc_hd__dfrtp_1)
                               -0.04121    3.05879   library hold time
                                           3.05879   data required time
-----------------------------------------------------------------------------------------
                                           3.05879   data required time
                                          -3.32071   data arrival time
-----------------------------------------------------------------------------------------
                                           0.26192   slack (MET)


Startpoint: reset (input port clocked by clk1)
Endpoint: _34_ (recovery check against rising-edge clock clk1)
Path Group: asynchronous
Path Type: max

Fanout        Cap       Slew      Delay       Time   Description
-----------------------------------------------------------------------------------------
                     0.00000    0.00000    0.00000   clock clk1 (rise edge)
                                3.00000    3.00000   clock network delay (ideal)
                                3.00000    6.00000 v input external delay
                     0.40000    0.00000    6.00000 v reset (in)
     3    0.00842                                    reset (net)
                     0.40000    0.00000    6.00000 v _15_/A (sky130_fd_sc_hd__clkinv_1)
                     0.09772    0.13803    6.13803 ^ _15_/Y (sky130_fd_sc_hd__clkinv_1)
     2    0.00517                                    _00_ (net)
                     0.09772    0.00000    6.13803 ^ _34_/RESET_B (sky130_fd_sc_hd__dfrtp_1)
                                           6.13803   data arrival time

                     0.00000   10.00000   10.00000   clock clk1 (rise edge)
                                3.00000   13.00000   clock network delay (ideal)
                               -0.10000   12.90000   clock uncertainty
                                0.00000   12.90000   clock reconvergence pessimism
                                          12.90000 ^ _34_/CLK (sky130_fd_sc_hd__dfrtp_1)
                                0.15113   13.05113   library recovery time
                                          13.05113   data required time
-----------------------------------------------------------------------------------------
                                          13.05113   data required time
                                          -6.13803   data arrival time
-----------------------------------------------------------------------------------------
                                           6.91310   slack (MET)


Startpoint: _33_ (rising edge-triggered flip-flop clocked by clk1)
Endpoint: detector_out (output port clocked by clk1)
Path Group: clk1
Path Type: max

Fanout        Cap       Slew      Delay       Time   Description
-----------------------------------------------------------------------------------------
                     0.00000    0.00000    0.00000   clock clk1 (rise edge)
                                3.00000    3.00000   clock network delay (ideal)
                     0.00000    0.00000    3.00000 ^ _33_/CLK (sky130_fd_sc_hd__dfxtp_1)
                     1.64014    1.33338    4.33338 ^ _33_/Q (sky130_fd_sc_hd__dfxtp_1)
     1    0.20000                                    detector_out (net)
                     1.64014    0.00000    4.33338 ^ detector_out (out)
                                           4.33338   data arrival time

                     0.00000   10.00000   10.00000   clock clk1 (rise edge)
                                3.00000   13.00000   clock network delay (ideal)
                               -0.10000   12.90000   clock uncertainty
                                0.00000   12.90000   clock reconvergence pessimism
                               -3.00000    9.90000   output external delay
                                           9.90000   data required time
-----------------------------------------------------------------------------------------
                                           9.90000   data required time
                                          -4.33338   data arrival time
-----------------------------------------------------------------------------------------
                                           5.56662   slack (MET)


tns 0.00
