Startpoint: reset (input port clocked by clk1)
Endpoint: _35_ (removal check against rising-edge clock clk1)
Path Group: asynchronous
Path Type: min

Fanout        Cap       Slew      Delay       Time   Description
-----------------------------------------------------------------------------------------
                     0.00000    0.00000    0.00000   clock clk1 (rise edge)
                                3.00000    3.00000   clock network delay (ideal)
                                1.00000    4.00000 v input external delay
                     0.20000    0.00000    4.00000 v reset (in)
     3    0.00707                                    reset (net)
                     0.20000    0.00000    4.00000 v _31_/A (sky130_fd_sc_hd__clkinv_1)
                     0.13885    0.26126    4.26126 ^ _31_/Y (sky130_fd_sc_hd__clkinv_1)
     1    0.00294                                    _01_ (net)
                     0.13885    0.00000    4.26126 ^ _35_/RESET_B (sky130_fd_sc_hd__dfrtp_1)
                                           4.26126   data arrival time

                     0.00000    0.00000    0.00000   clock clk1 (rise edge)
                                3.00000    3.00000   clock network delay (ideal)
                                0.10000    3.10000   clock uncertainty
                                0.00000    3.10000   clock reconvergence pessimism
                                           3.10000 ^ _35_/CLK (sky130_fd_sc_hd__dfrtp_1)
                                2.35628    5.45628   library removal time
                                           5.45628   data required time
-----------------------------------------------------------------------------------------
                                           5.45628   data required time
                                          -4.26126   data arrival time
-----------------------------------------------------------------------------------------
                                          -1.19502   slack (VIOLATED)


Startpoint: sequence_in (input port clocked by clk1)
Endpoint: _36_ (rising edge-triggered flip-flop clocked by clk1)
Path Group: clk1
Path Type: min

Fanout        Cap       Slew      Delay       Time   Description
-----------------------------------------------------------------------------------------
                     0.00000    0.00000    0.00000   clock clk1 (rise edge)
                                3.00000    3.00000   clock network delay (ideal)
                                1.00000    4.00000 ^ input external delay
                     0.20000    0.00000    4.00000 ^ sequence_in (in)
     7    0.01261                                    sequence_in (net)
                     0.20000    0.00000    4.00000 ^ _29_/A1 (sky130_fd_sc_hd__a21oi_1)
                     0.07671    0.20419    4.20419 v _29_/Y (sky130_fd_sc_hd__a21oi_1)
     1    0.00150                                    next_state[2] (net)
                     0.07671    0.00000    4.20419 v _36_/D (sky130_fd_sc_hd__dfrtp_1)
                                           4.20419   data arrival time

                     0.00000    0.00000    0.00000   clock clk1 (rise edge)
                                3.00000    3.00000   clock network delay (ideal)
                                0.10000    3.10000   clock uncertainty
                                0.00000    3.10000   clock reconvergence pessimism
                                           3.10000 ^ _36_/CLK (sky130_fd_sc_hd__dfrtp_1)
                               -0.33286    2.76714   library hold time
                                           2.76714   data required time
-----------------------------------------------------------------------------------------
                                           2.76714   data required time
                                          -4.20419   data arrival time
-----------------------------------------------------------------------------------------
                                           1.43704   slack (MET)


Startpoint: reset (input port clocked by clk1)
Endpoint: _34_ (recovery check against rising-edge clock clk1)
Path Group: asynchronous
Path Type: max

Fanout        Cap       Slew      Delay       Time   Description
-----------------------------------------------------------------------------------------
                     0.00000    0.00000    0.00000   clock clk1 (rise edge)
                                3.00000    3.00000   clock network delay (ideal)
                                3.00000    6.00000 v input external delay
                     0.40000    0.00000    6.00000 v reset (in)
     3    0.00707                                    reset (net)
                     0.40000    0.00000    6.00000 v _15_/A (sky130_fd_sc_hd__clkinv_1)
                     0.18346    0.42409    6.42409 ^ _15_/Y (sky130_fd_sc_hd__clkinv_1)
     2    0.00421                                    _00_ (net)
                     0.18346    0.00000    6.42409 ^ _34_/RESET_B (sky130_fd_sc_hd__dfrtp_1)
                                           6.42409   data arrival time

                     0.00000   10.00000   10.00000   clock clk1 (rise edge)
                                3.00000   13.00000   clock network delay (ideal)
                               -0.10000   12.90000   clock uncertainty
                                0.00000   12.90000   clock reconvergence pessimism
                                          12.90000 ^ _34_/CLK (sky130_fd_sc_hd__dfrtp_1)
                                1.32681   14.22681   library recovery time
                                          14.22681   data required time
-----------------------------------------------------------------------------------------
                                          14.22681   data required time
                                          -6.42409   data arrival time
-----------------------------------------------------------------------------------------
                                           7.80273   slack (MET)


Startpoint: _33_ (rising edge-triggered flip-flop clocked by clk1)
Endpoint: detector_out (output port clocked by clk1)
Path Group: clk1
Path Type: max

Fanout        Cap       Slew      Delay       Time   Description
-----------------------------------------------------------------------------------------
                     0.00000    0.00000    0.00000   clock clk1 (rise edge)
                                3.00000    3.00000   clock network delay (ideal)
                     0.00000    0.00000    3.00000 ^ _33_/CLK (sky130_fd_sc_hd__dfxtp_1)
                    10.53211    9.77481   12.77481 ^ _33_/Q (sky130_fd_sc_hd__dfxtp_1)
     1    0.20000                                    detector_out (net)
                    10.53211    0.00000   12.77481 ^ detector_out (out)
                                          12.77481   data arrival time

                     0.00000   10.00000   10.00000   clock clk1 (rise edge)
                                3.00000   13.00000   clock network delay (ideal)
                               -0.10000   12.90000   clock uncertainty
                                0.00000   12.90000   clock reconvergence pessimism
                               -3.00000    9.90000   output external delay
                                           9.90000   data required time
-----------------------------------------------------------------------------------------
                                           9.90000   data required time
                                         -12.77481   data arrival time
-----------------------------------------------------------------------------------------
                                          -2.87481   slack (VIOLATED)


tns -2.87
wns -2.87
